<?xml version="1.0" encoding="UTF-8"?>
<testng-results skipped="0" failed="0" ignored="0" total="1" passed="1">
  <reporter-output>
  </reporter-output>
  <suite name="Suite" duration-ms="114933" started-at="2020-03-14T16:46:29Z" finished-at="2020-03-14T16:48:24Z">
    <groups>
      <group name="cucumber">
        <method signature="AbstractTestNGCucumberTests.runScenario(cucumber.api.testng.PickleEventWrapper, cucumber.api.testng.CucumberFeatureWrapper)[pri:0, instance:Runner.RunTest@1198b989]" name="runScenario" class="cucumber.api.testng.AbstractTestNGCucumberTests"/>
      </group> <!-- cucumber -->
    </groups>
    <test name="Test" duration-ms="114933" started-at="2020-03-14T16:46:29Z" finished-at="2020-03-14T16:48:24Z">
      <class name="Runner.RunTest">
        <test-method status="PASS" signature="setUpClass()[pri:0, instance:Runner.RunTest@1198b989]" name="setUpClass" is-config="true" duration-ms="369" started-at="2020-03-14T16:46:29Z" finished-at="2020-03-14T16:46:30Z">
          <reporter-output>
          </reporter-output>
        </test-method> <!-- setUpClass -->
        <test-method status="PASS" signature="login(java.lang.String)[pri:0, instance:Runner.RunTest@1198b989]" name="login" is-config="true" duration-ms="33123" started-at="2020-03-14T16:46:30Z" finished-at="2020-03-14T16:47:03Z">
          <params>
            <param index="0">
              <value>
                <![CDATA[https://www.redbus.in/]]>
              </value>
            </param>
          </params>
          <reporter-output>
          </reporter-output>
        </test-method> <!-- login -->
        <test-method status="PASS" signature="runScenario(cucumber.api.testng.PickleEventWrapper, cucumber.api.testng.CucumberFeatureWrapper)[pri:0, instance:Runner.RunTest@1198b989]" name="runScenario" duration-ms="79540" started-at="2020-03-14T16:47:03Z" description="Runs Cucumber Scenarios" data-provider="scenarios" finished-at="2020-03-14T16:48:22Z">
          <params>
            <param index="0">
              <value>
                <![CDATA["TC_BusSearch"]]>
              </value>
            </param>
            <param index="1">
              <value>
                <![CDATA["RedBus Page"]]>
              </value>
            </param>
          </params>
          <reporter-output>
          </reporter-output>
        </test-method> <!-- runScenario -->
        <test-method status="PASS" signature="closeBrowser()[pri:0, instance:Runner.RunTest@1198b989]" name="closeBrowser" is-config="true" duration-ms="1704" started-at="2020-03-14T16:48:22Z" finished-at="2020-03-14T16:48:24Z">
          <reporter-output>
          </reporter-output>
        </test-method> <!-- closeBrowser -->
        <test-method status="PASS" signature="tearDownClass()[pri:0, instance:Runner.RunTest@1198b989]" name="tearDownClass" is-config="true" duration-ms="23" started-at="2020-03-14T16:48:24Z" finished-at="2020-03-14T16:48:24Z">
          <reporter-output>
          </reporter-output>
        </test-method> <!-- tearDownClass -->
      </class> <!-- Runner.RunTest -->
    </test> <!-- Test -->
  </suite> <!-- Suite -->
</testng-results>
